<?xml version="1.0" encoding="UTF-8"?>
<!-- Generated by org.testng.reporters.JUnitXMLReporter -->
<testsuite hostname="LAPTOP-DK6THK5R" name="Default test" tests="4" failures="0" timestamp="7 Sep 2019 10:03:25 GMT" time="0.044" errors="0">
  <testcase name="test1" time="0.012" classname="annotationTest.GroupTest"/>
  <testcase name="test2" time="0.002" classname="annotationTest.GroupTest"/>
  <testcase name="test3" time="0.003" classname="annotationTest.GroupTest"/>
  <testcase name="test4" time="0.003" classname="annotationTest.GroupTest"/>
</testsuite> <!-- Default test -->
