<?xml version="1.0" encoding="UTF-8"?>
<testng-results skipped="0" failed="0" total="1" passed="1">
  <reporter-output>
  </reporter-output>
  <suite name="Suite" duration-ms="29" started-at="2019-09-07T10:22:27Z" finished-at="2019-09-07T10:22:27Z">
    <groups>
    </groups>
    <test name="Test" duration-ms="29" started-at="2019-09-07T10:22:27Z" finished-at="2019-09-07T10:22:27Z">
      <class name="annotationTest.ParameterTest">
        <test-method status="PASS" signature="login(java.lang.String, java.lang.String)[pri:0, instance:annotationTest.ParameterTest@6ea12c19]" name="login" duration-ms="12" started-at="2019-09-07T15:52:27Z" finished-at="2019-09-07T15:52:27Z">
          <params>
            <param index="0">
              <value>
                <![CDATA[Testing]]>
              </value>
            </param>
            <param index="1">
              <value>
                <![CDATA[Test123]]>
              </value>
            </param>
          </params>
          <reporter-output>
          </reporter-output>
        </test-method> <!-- login -->
      </class> <!-- annotationTest.ParameterTest -->
    </test> <!-- Test -->
  </suite> <!-- Suite -->
</testng-results>
